#
# A fatal error has been detected by the Java Runtime Environment:
#
#  EXCEPTION_ACCESS_VIOLATION (0xc0000005) at pc=0x0000000002a52b20, pid=5740, tid=4744
#
# JRE version: Java(TM) SE Runtime Environment (8.0_71-b15) (build 1.8.0_71-b15)
# Java VM: Java HotSpot(TM) 64-Bit Server VM (25.71-b15 mixed mode windows-amd64 compressed oops)
# Problematic frame:
# J 741 C1 com.android.dx.ssa.SsaBasicBlock.getRopLabelSuccessorList()Lcom/android/dx/util/IntList; (57 bytes) @ 0x0000000002a52b20 [0x0000000002a52800+0x320]
#
# Failed to write core dump. Minidumps are not enabled by default on client versions of Windows
#
# If you would like to submit a bug report, please visit:
#   http://bugreport.java.com/bugreport/crash.jsp
#

---------------  T H R E A D  ---------------

Current thread (0x000000005914b800):  JavaThread "pool-1-thread-3" [_thread_in_Java, id=4744, stack(0x0000000059c10000,0x0000000059d10000)]

siginfo: ExceptionCode=0xc0000005, reading address 0x00000000552aa6a0

Registers:
RAX=0x0000000000000001, RBX=0x00000000d58bf648, RCX=0x00000000d58bfb18, RDX=0x00000000552aa4d0
RSP=0x0000000059d0e300, RBP=0x0000000059d0e7e0, RSI=0x0000000000000001, RDI=0x0000000000000000
R8 =0x0000000016d62a08, R9 =0x00000000572aa4d0, R10=0x00000000006ac62f, R11=0x0000000000000001
R12=0x0000000000000000, R13=0x00000000d58c2380, R14=0x00000000d58bf648, R15=0x000000005914b800
RIP=0x0000000002a52b20, EFLAGS=0x0000000000010246

Top of Stack: (sp=0x0000000059d0e300)
0x0000000059d0e300:   0000000059d0e7e0 0000000002ad113c
0x0000000059d0e310:   0000000000000000 0000000000000000
0x0000000059d0e320:   0000000059d0e7e0 0000000002b57614
0x0000000059d0e330:   0000000059d0e5f8 0000000500000004
0x0000000059d0e340:   0000000059d0e5f8 0000000002b9559c
0x0000000059d0e350:   00000000000008da 00000000029fafa0
0x0000000059d0e360:   0000000080130128 0000000016d60800
0x0000000059d0e370:   00000000800af308 0000000080130128
0x0000000059d0e380:   00000000d58bf6e0 00000000d58c5f20
0x0000000059d0e390:   00000000d58bf648 0000000100000000
0x0000000059d0e3a0:   0000000000000000 000000000000000c
0x0000000059d0e3b0:   00000000d58c5dc8 0000000002ad1a90
0x0000000059d0e3c0:   0000000059d0e7e0 0000000002a6558c
0x0000000059d0e3d0:   0000000059d0e7e0 0000000002a53fac
0x0000000059d0e3e0:   0000000000000000 0000000000000000
0x0000000059d0e3f0:   0000000000000004 00000000d58c5cb0 

Instructions: (pc=0x0000000002a52b20)
0x0000000002a52b00:   4c c6 f6 ff 48 8b 9c 24 90 00 00 00 48 3b 03 4c
0x0000000002a52b10:   8b c3 48 ba d0 a4 2a 57 00 00 00 00 45 8b 40 08
0x0000000002a52b20:   4c 3b 82 d0 01 00 00 75 0d 48 83 82 d8 01 00 00
0x0000000002a52b30:   01 e9 66 00 00 00 4c 3b 82 e0 01 00 00 75 0d 48 


Register to memory mapping:

RAX=0x0000000000000001 is an unknown value
RBX=0x00000000d58bf648 is an oop
com.android.dx.ssa.SsaMethod 
 - klass: 'com/android/dx/ssa/SsaMethod'
RCX=0x00000000d58bfb18 is an oop
com.android.dx.util.IntList 
 - klass: 'com/android/dx/util/IntList'
RDX=0x00000000552aa4d0 is an unknown value
RSP=0x0000000059d0e300 is pointing into the stack for thread: 0x000000005914b800
RBP=0x0000000059d0e7e0 is pointing into the stack for thread: 0x000000005914b800
RSI=0x0000000000000001 is an unknown value
RDI=0x0000000000000000 is an unknown value
R8 =0x0000000016d62a08 is pointing into metadata
R9 =0x00000000572aa4d0 is pointing into metadata
R10=0x00000000006ac62f is an unknown value
R11=0x0000000000000001 is an unknown value
R12=0x0000000000000000 is an unknown value
R13=0x00000000d58c2380 is an oop
com.android.dx.ssa.SsaBasicBlock 
 - klass: 'com/android/dx/ssa/SsaBasicBlock'
R14=0x00000000d58bf648 is an oop
com.android.dx.ssa.SsaMethod 
 - klass: 'com/android/dx/ssa/SsaMethod'
R15=0x000000005914b800 is a thread


Stack: [0x0000000059c10000,0x0000000059d10000],  sp=0x0000000059d0e300,  free space=1016k
Native frames: (J=compiled Java code, j=interpreted, Vv=VM code, C=native code)
C  0x0000000002a52b20


---------------  P R O C E S S  ---------------

Java Threads: ( => current thread )
  0x0000000059150000 JavaThread "pool-1-thread-4" [_thread_blocked, id=4828, stack(0x00000000598f0000,0x00000000599f0000)]
=>0x000000005914b800 JavaThread "pool-1-thread-3" [_thread_in_Java, id=4744, stack(0x0000000059c10000,0x0000000059d10000)]
  0x000000005914b000 JavaThread "pool-1-thread-2" [_thread_blocked, id=3908, stack(0x0000000059490000,0x0000000059590000)]
  0x000000005915e800 JavaThread "pool-2-thread-1" [_thread_blocked, id=2788, stack(0x0000000059a50000,0x0000000059b50000)]
  0x0000000059154800 JavaThread "pool-1-thread-1" [_thread_in_vm, id=6012, stack(0x0000000059280000,0x0000000059380000)]
  0x0000000058ed2800 JavaThread "Service Thread" daemon [_thread_blocked, id=5100, stack(0x00000000595f0000,0x00000000596f0000)]
  0x00000000576df000 JavaThread "C1 CompilerThread2" daemon [_thread_in_vm, id=5168, stack(0x0000000059390000,0x0000000059490000)]
  0x00000000576db000 JavaThread "C2 CompilerThread1" daemon [_thread_blocked, id=5680, stack(0x0000000058c50000,0x0000000058d50000)]
  0x00000000576d6800 JavaThread "C2 CompilerThread0" daemon [_thread_blocked, id=5352, stack(0x0000000058d70000,0x0000000058e70000)]
  0x00000000576d2000 JavaThread "Attach Listener" daemon [_thread_blocked, id=1184, stack(0x00000000585c0000,0x00000000586c0000)]
  0x00000000576d0800 JavaThread "Signal Dispatcher" daemon [_thread_blocked, id=4128, stack(0x0000000058ae0000,0x0000000058be0000)]
  0x0000000057671000 JavaThread "Finalizer" daemon [_thread_blocked, id=3692, stack(0x0000000058990000,0x0000000058a90000)]
  0x0000000057670000 JavaThread "Reference Handler" daemon [_thread_blocked, id=3868, stack(0x0000000058870000,0x0000000058970000)]
  0x00000000021de000 JavaThread "main" [_thread_in_vm, id=3024, stack(0x00000000023d0000,0x00000000024d0000)]

Other Threads:
  0x000000005766a800 VMThread [stack: 0x00000000586d0000,0x00000000587d0000] [id=5992]
  0x0000000058ed9800 WatcherThread [stack: 0x00000000597d0000,0x00000000598d0000] [id=4016]

VM state:synchronizing (normal execution)

VM Mutex/Monitor currently owned by a thread:  ([mutex/lock_event])
[0x00000000021dc340] Safepoint_lock - owner thread: 0x000000005766a800
[0x00000000021dc3c0] Threads_lock - owner thread: 0x000000005766a800
[0x00000000021dc8c0] Heap_lock - owner thread: 0x0000000059150000

Heap:
 PSYoungGen      total 34304K, used 34272K [0x00000000d5580000, 0x00000000d9880000, 0x0000000100000000)
  eden space 31744K, 100% used [0x00000000d5580000,0x00000000d7480000,0x00000000d7480000)
  from space 2560K, 98% used [0x00000000d7480000,0x00000000d76f8010,0x00000000d7700000)
  to   space 2560K, 0% used [0x00000000d9600000,0x00000000d9600000,0x00000000d9880000)
 ParOldGen       total 42496K, used 6931K [0x0000000080000000, 0x0000000082980000, 0x00000000d5580000)
  object space 42496K, 16% used [0x0000000080000000,0x00000000806c4c80,0x0000000082980000)
 Metaspace       used 6351K, capacity 7152K, committed 7296K, reserved 1056768K
  class space    used 602K, capacity 616K, committed 640K, reserved 1048576K

Card table byte_map: [0x0000000011b60000,0x0000000011f70000] byte_map_base: 0x0000000011760000

Marking Bits: (ParMarkBitMap*) 0x00000000705bf600
 Begin Bits: [0x00000000128e0000, 0x00000000148e0000)
 End Bits:   [0x00000000148e0000, 0x00000000168e0000)

Polling page: 0x0000000000130000

CodeCache: size=245760Kb used=7012Kb max_used=7012Kb free=238747Kb
 bounds [0x00000000027a0000, 0x0000000002e80000, 0x00000000117a0000]
 total_blobs=2011 nmethods=1742 adapters=182
 compilation: enabled

Compilation events (10 events):
Event: 2.425 Thread 0x00000000576df000 1649       3       java.util.HashMap$EntryIterator::next (5 bytes)
Event: 2.425 Thread 0x00000000576df000 nmethod 1649 0x0000000002e1e090 code [0x0000000002e1e200, 0x0000000002e1e408]
Event: 2.434 Thread 0x00000000576df000 1651       3       com.android.dx.cf.code.BaseMachine::popArgs (137 bytes)
Event: 2.435 Thread 0x00000000576df000 nmethod 1651 0x0000000002e1ec10 code [0x0000000002e1ef80, 0x0000000002e20908]
Event: 2.435 Thread 0x00000000576df000 1652       3       com.android.dx.rop.code.Rops::opMarkLocal (69 bytes)
Event: 2.437 Thread 0x00000000576df000 nmethod 1652 0x0000000002e21690 code [0x0000000002e218c0, 0x0000000002e22478]
Event: 2.437 Thread 0x00000000576df000 1653       3       com.android.dx.ssa.SCCP::simulateMath (424 bytes)
Event: 2.438 Thread 0x00000000576df000 nmethod 1653 0x0000000002e22a10 code [0x0000000002e22cc0, 0x0000000002e245a8]
Event: 2.439 Thread 0x00000000576df000 1654       3       com.android.dx.rop.cst.CstLiteral64::hashCode (15 bytes)
Event: 2.440 Thread 0x00000000576df000 nmethod 1654 0x0000000002e25090 code [0x0000000002e251e0, 0x0000000002e25350]

GC Heap History (6 events):
Event: 0.596 GC heap before
{Heap before GC invocations=1 (full 0):
 PSYoungGen      total 18432K, used 15872K [0x00000000d5580000, 0x00000000d6a00000, 0x0000000100000000)
  eden space 15872K, 100% used [0x00000000d5580000,0x00000000d6500000,0x00000000d6500000)
  from space 2560K, 0% used [0x00000000d6780000,0x00000000d6780000,0x00000000d6a00000)
  to   space 2560K, 0% used [0x00000000d6500000,0x00000000d6500000,0x00000000d6780000)
 ParOldGen       total 42496K, used 0K [0x0000000080000000, 0x0000000082980000, 0x00000000d5580000)
  object space 42496K, 0% used [0x0000000080000000,0x0000000080000000,0x0000000082980000)
 Metaspace       used 5444K, capacity 6448K, committed 6528K, reserved 1056768K
  class space    used 591K, capacity 616K, committed 640K, reserved 1048576K
Event: 0.625 GC heap after
Heap after GC invocations=1 (full 0):
 PSYoungGen      total 18432K, used 2547K [0x00000000d5580000, 0x00000000d7980000, 0x0000000100000000)
  eden space 15872K, 0% used [0x00000000d5580000,0x00000000d5580000,0x00000000d6500000)
  from space 2560K, 99% used [0x00000000d6500000,0x00000000d677ceb8,0x00000000d6780000)
  to   space 2560K, 0% used [0x00000000d7700000,0x00000000d7700000,0x00000000d7980000)
 ParOldGen       total 42496K, used 698K [0x0000000080000000, 0x0000000082980000, 0x00000000d5580000)
  object space 42496K, 1% used [0x0000000080000000,0x00000000800aea88,0x0000000082980000)
 Metaspace       used 5444K, capacity 6448K, committed 6528K, reserved 1056768K
  class space    used 591K, capacity 616K, committed 640K, reserved 1048576K
}
Event: 1.392 GC heap before
{Heap before GC invocations=2 (full 0):
 PSYoungGen      total 18432K, used 18419K [0x00000000d5580000, 0x00000000d7980000, 0x0000000100000000)
  eden space 15872K, 100% used [0x00000000d5580000,0x00000000d6500000,0x00000000d6500000)
  from space 2560K, 99% used [0x00000000d6500000,0x00000000d677ceb8,0x00000000d6780000)
  to   space 2560K, 0% used [0x00000000d7700000,0x00000000d7700000,0x00000000d7980000)
 ParOldGen       total 42496K, used 698K [0x0000000080000000, 0x0000000082980000, 0x00000000d5580000)
  object space 42496K, 1% used [0x0000000080000000,0x00000000800aea88,0x0000000082980000)
 Metaspace       used 5907K, capacity 6832K, committed 7040K, reserved 1056768K
  class space    used 596K, capacity 616K, committed 640K, reserved 1048576K
Event: 1.423 GC heap after
Heap after GC invocations=2 (full 0):
 PSYoungGen      total 34304K, used 2551K [0x00000000d5580000, 0x00000000d7980000, 0x0000000100000000)
  eden space 31744K, 0% used [0x00000000d5580000,0x00000000d5580000,0x00000000d7480000)
  from space 2560K, 99% used [0x00000000d7700000,0x00000000d797dc60,0x00000000d7980000)
  to   space 2560K, 0% used [0x00000000d7480000,0x00000000d7480000,0x00000000d7700000)
 ParOldGen       total 42496K, used 2070K [0x0000000080000000, 0x0000000082980000, 0x00000000d5580000)
  object space 42496K, 4% used [0x0000000080000000,0x0000000080205bf0,0x0000000082980000)
 Metaspace       used 5907K, capacity 6832K, committed 7040K, reserved 1056768K
  class space    used 596K, capacity 616K, committed 640K, reserved 1048576K
}
Event: 2.313 GC heap before
{Heap before GC invocations=3 (full 0):
 PSYoungGen      total 34304K, used 34295K [0x00000000d5580000, 0x00000000d7980000, 0x0000000100000000)
  eden space 31744K, 100% used [0x00000000d5580000,0x00000000d7480000,0x00000000d7480000)
  from space 2560K, 99% used [0x00000000d7700000,0x00000000d797dc60,0x00000000d7980000)
  to   space 2560K, 0% used [0x00000000d7480000,0x00000000d7480000,0x00000000d7700000)
 ParOldGen       total 42496K, used 2070K [0x0000000080000000, 0x0000000082980000, 0x00000000d5580000)
  object space 42496K, 4% used [0x0000000080000000,0x0000000080205bf0,0x0000000082980000)
 Metaspace       used 6246K, capacity 7088K, committed 7296K, reserved 1056768K
  class space    used 602K, capacity 616K, committed 640K, reserved 1048576K
Event: 2.341 GC heap after
Heap after GC invocations=3 (full 0):
 PSYoungGen      total 34304K, used 2528K [0x00000000d5580000, 0x00000000d9880000, 0x0000000100000000)
  eden space 31744K, 0% used [0x00000000d5580000,0x00000000d5580000,0x00000000d7480000)
  from space 2560K, 98% used [0x00000000d7480000,0x00000000d76f8010,0x00000000d7700000)
  to   space 2560K, 0% used [0x00000000d9600000,0x00000000d9600000,0x00000000d9880000)
 ParOldGen       total 42496K, used 6931K [0x0000000080000000, 0x0000000082980000, 0x00000000d5580000)
  object space 42496K, 16% used [0x0000000080000000,0x00000000806c4c80,0x0000000082980000)
 Metaspace       used 6246K, capacity 7088K, committed 7296K, reserved 1056768K
  class space    used 602K, capacity 616K, committed 640K, reserved 1048576K
}

Deoptimization events (10 events):
Event: 0.700 Thread 0x00000000021de000 Uncommon trap: reason=class_check action=maybe_recompile pc=0x00000000029c5ee0 method=com.android.dx.ssa.NormalSsaInsn.accept(Lcom/android/dx/ssa/SsaInsn$Visitor;)V @ 9
Event: 0.700 Thread 0x00000000021de000 Uncommon trap: reason=class_check action=maybe_recompile pc=0x00000000029c5ee0 method=com.android.dx.ssa.NormalSsaInsn.accept(Lcom/android/dx/ssa/SsaInsn$Visitor;)V @ 9
Event: 0.700 Thread 0x00000000021de000 Uncommon trap: reason=class_check action=maybe_recompile pc=0x00000000029c5ee0 method=com.android.dx.ssa.NormalSsaInsn.accept(Lcom/android/dx/ssa/SsaInsn$Visitor;)V @ 9
Event: 0.701 Thread 0x0000000059154800 Uncommon trap: reason=unstable_if action=reinterpret pc=0x00000000029c9ea4 method=java.util.BitSet.ensureCapacity(I)V @ 6
Event: 0.701 Thread 0x0000000059154800 Uncommon trap: reason=unstable_if action=reinterpret pc=0x00000000029bb0a0 method=java.util.BitSet.nextSetBit(I)I @ 87
Event: 0.706 Thread 0x0000000059154800 Uncommon trap: reason=unstable_if action=reinterpret pc=0x00000000029a1dc8 method=java.util.HashMap.getNode(ILjava/lang/Object;)Ljava/util/HashMap$Node; @ 129
Event: 0.933 Thread 0x0000000059150000 Uncommon trap: reason=unstable_if action=reinterpret pc=0x0000000002a21344 method=com.android.dx.rop.cst.Constant.compareTo(Lcom/android/dx/rop/cst/Constant;)I @ 12
Event: 1.737 Thread 0x0000000059150000 Uncommon trap: reason=null_check action=make_not_entrant pc=0x0000000002a4b7a8 method=com.android.dx.ssa.SsaRenamer.getLocalForNewReg(I)Lcom/android/dx/rop/code/LocalItem; @ 19
Event: 1.738 Thread 0x0000000059150000 Uncommon trap: reason=null_check action=make_not_entrant pc=0x0000000002a81e40 method=com.android.dx.ssa.SsaRenamer.getLocalForNewReg(I)Lcom/android/dx/rop/code/LocalItem; @ 19
Event: 2.121 Thread 0x000000005914b000 Uncommon trap: reason=unstable_if action=reinterpret pc=0x0000000002c1db34 method=com.android.dx.ssa.SCCP.simulateStmt(Lcom/android/dx/ssa/SsaInsn;)V @ 53

Internal exceptions (4 events):
Event: 0.052 Thread 0x00000000021de000 Exception <a 'java/lang/NoSuchMethodError': Method sun.misc.Unsafe.defineClass(Ljava/lang/String;[BII)Ljava/lang/Class; name or signature does not match> (0x00000000d558d520) thrown at [C:\re\workspace\8-2-build-windows-amd64-cygwin\jdk8u71\5731\hotspot\sr¼ ö&!mª?
Event: 0.052 Thread 0x00000000021de000 Exception <a 'java/lang/NoSuchMethodError': Method sun.misc.Unsafe.prefetchRead(Ljava/lang/Object;J)V name or signature does not match> (0x00000000d558d808) thrown at [C:\re\workspace\8-2-build-windows-amd64-cygwin\jdk8u71\5731\hotspot\src\share\vm\prims\jç’zÆÊû?
Event: 1.737 Thread 0x0000000059150000 Implicit null exception at 0x0000000002a4a01b to 0x0000000002a4b75d
Event: 1.738 Thread 0x0000000059150000 Implicit null exception at 0x0000000002a806e6 to 0x0000000002a81e21

Events (10 events):
Event: 2.003 loading class com/android/dx/cf/attrib/AttRuntimeInvisibleAnnotations done
Event: 2.003 loading class com/android/dx/cf/attrib/BaseAnnotations
Event: 2.003 loading class com/android/dx/cf/attrib/BaseAnnotations done
Event: 2.121 Thread 0x000000005914b000 Uncommon trap: trap_request=0xffffff65 fr.pc=0x0000000002c1db34
Event: 2.121 Thread 0x000000005914b000 DEOPT PACKING pc=0x0000000002c1db34 sp=0x000000005958ec60
Event: 2.121 Thread 0x000000005914b000 DEOPT UNPACKING pc=0x00000000027e582a sp=0x000000005958ec28 mode 2
Event: 2.176 loading class com/android/dx/cf/code/SwitchList
Event: 2.176 loading class com/android/dx/cf/code/SwitchList done
Event: 2.312 Executing VM operation: ParallelGCFailedAllocation
Event: 2.341 Executing VM operation: ParallelGCFailedAllocation done


Dynamic libraries:
0x000000013fd30000 - 0x000000013fd67000 	C:\Program Files\Java\jdk1.8.0_71\bin\java.exe
0x0000000077020000 - 0x00000000771cb000 	C:\Windows\SYSTEM32\ntdll.dll
0x0000000076f00000 - 0x000000007701f000 	C:\Windows\system32\kernel32.dll
0x000007fefd1a0000 - 0x000007fefd20b000 	C:\Windows\system32\KERNELBASE.dll
0x000007fefed90000 - 0x000007fefee6b000 	C:\Windows\system32\ADVAPI32.dll
0x000007fefddb0000 - 0x000007fefde4f000 	C:\Windows\system32\msvcrt.dll
0x000007fefecc0000 - 0x000007fefecdf000 	C:\Windows\SYSTEM32\sechost.dll
0x000007fefd830000 - 0x000007fefd95e000 	C:\Windows\system32\RPCRT4.dll
0x0000000076e00000 - 0x0000000076efa000 	C:\Windows\system32\USER32.dll
0x000007fefd7c0000 - 0x000007fefd827000 	C:\Windows\system32\GDI32.dll
0x000007fefdc40000 - 0x000007fefdc4e000 	C:\Windows\system32\LPK.dll
0x000007fefde50000 - 0x000007fefdf1a000 	C:\Windows\system32\USP10.dll
0x000007fefb720000 - 0x000007fefb914000 	C:\Windows\WinSxS\amd64_microsoft.windows.common-controls_6595b64144ccf1df_6.0.7600.16661_none_fa62ad231704eab7\COMCTL32.dll
0x000007fefed10000 - 0x000007fefed81000 	C:\Windows\system32\SHLWAPI.dll
0x000007fefece0000 - 0x000007fefed0e000 	C:\Windows\system32\IMM32.DLL
0x000007fefdca0000 - 0x000007fefdda9000 	C:\Windows\system32\MSCTF.dll
0x0000000064960000 - 0x0000000064a32000 	C:\Program Files\Java\jdk1.8.0_71\jre\bin\msvcr100.dll
0x000000006fdb0000 - 0x000000007063f000 	C:\Program Files\Java\jdk1.8.0_71\jre\bin\server\jvm.dll
0x000007fef8c40000 - 0x000007fef8c49000 	C:\Windows\system32\WSOCK32.dll
0x000007feff1c0000 - 0x000007feff20d000 	C:\Windows\system32\WS2_32.dll
0x000007fefecb0000 - 0x000007fefecb8000 	C:\Windows\system32\NSI.dll
0x000007fefadb0000 - 0x000007fefadeb000 	C:\Windows\system32\WINMM.dll
0x000007fefc0f0000 - 0x000007fefc0fc000 	C:\Windows\system32\VERSION.dll
0x00000000771f0000 - 0x00000000771f7000 	C:\Windows\system32\PSAPI.DLL
0x0000000074190000 - 0x000000007419f000 	C:\Program Files\Java\jdk1.8.0_71\jre\bin\verify.dll
0x0000000073a00000 - 0x0000000073a29000 	C:\Program Files\Java\jdk1.8.0_71\jre\bin\java.dll
0x00000000739e0000 - 0x00000000739f6000 	C:\Program Files\Java\jdk1.8.0_71\jre\bin\zip.dll
0x000007fefdf20000 - 0x000007fefeca6000 	C:\Windows\system32\SHELL32.dll
0x000007fefd5b0000 - 0x000007fefd7b2000 	C:\Windows\system32\ole32.dll
0x000007fefcf80000 - 0x000007fefcf8f000 	C:\Windows\system32\profapi.dll
0x000007fef4dd0000 - 0x000007fef4ef5000 	C:\Windows\system32\dbghelp.dll

VM Arguments:
jvm_args: -Djava.awt.headless=true -Xmx2g -Dfile.encoding=windows-1252 -Duser.country=US -Duser.language=en -Duser.variant 
java_command: com.android.dx.command.Main --dex --force-jumbo --num-threads=4 --output D:\android_udacity\workspace\PopularMovies\app\build\intermediates\pre-dexed\debug\internal_impl-23.3.0_5be7ec572686e2c2cc02eb51903e62015934a0a2.jar D:\android_udacity\workspace\PopularMovies\app\build\intermediates\exploded-aar\com.android.support\support-v4\23.3.0\jars\libs\internal_impl-23.3.0.jar
java_class_path (initial): C:\Users\geniushkg\AppData\Local\Android\Sdk\build-tools\23.0.2\lib\dx.jar
Launcher Type: SUN_STANDARD

Environment Variables:
PATH=C:\ProgramData\Oracle\Java\javapath;C:\Windows\system32;C:\Windows;C:\Windows\System32\Wbem;C:\Windows\System32\WindowsPowerShell\v1.0\;C:\Program Files\Intel\WiFi\bin\;C:\Program Files\Common Files\Intel\WirelessCommon\;C:\Program Files\Git\cmd;C:\Program Files (x86)\Skype\Phone\;C:\Program Files\jEdit;C:\Program Files\Intel\WiFi\bin\;C:\Program Files\Common Files\Intel\WirelessCommon\;C:\Users\geniushkg\AppData\Local\Android\Sdk\platform-tools
USERNAME=geniushkg
OS=Windows_NT
PROCESSOR_IDENTIFIER=Intel64 Family 6 Model 37 Stepping 5, GenuineIntel



---------------  S Y S T E M  ---------------

OS: Windows 7 , 64 bit Build 7600 (6.1.7600.16385)

CPU:total 4 (2 cores per cpu, 2 threads per core) family 6 model 37 stepping 5, cmov, cx8, fxsr, mmx, sse, sse2, sse3, ssse3, sse4.1, sse4.2, popcnt, ht, tsc, tscinvbit

Memory: 4k page, physical 3988328k(493088k free), swap 7974756k(2539608k free)

vm_info: Java HotSpot(TM) 64-Bit Server VM (25.71-b15) for windows-amd64 JRE (1.8.0_71-b15), built on Dec 22 2015 18:15:55 by "java_re" with MS VC++ 10.0 (VS2010)

time: Mon Jun 13 20:29:16 2016
elapsed time: 2 seconds (0d 0h 0m 2s)

