#
# A fatal error has been detected by the Java Runtime Environment:
#
#  EXCEPTION_ACCESS_VIOLATION (0xc0000005) at pc=0x000000007049fca6, pid=4216, tid=3220
#
# JRE version: Java(TM) SE Runtime Environment (8.0_71-b15) (build 1.8.0_71-b15)
# Java VM: Java HotSpot(TM) 64-Bit Server VM (25.71-b15 mixed mode windows-amd64 compressed oops)
# Problematic frame:
# V  [jvm.dll+0x29fca6]
#
# Failed to write core dump. Minidumps are not enabled by default on client versions of Windows
#
# If you would like to submit a bug report, please visit:
#   http://bugreport.java.com/bugreport/crash.jsp
#

---------------  T H R E A D  ---------------

Current thread (0x0000000057587000):  JavaThread "C2 CompilerThread0" daemon [_thread_in_native, id=3220, stack(0x0000000058b20000,0x0000000058c20000)]

siginfo: ExceptionCode=0xc0000005, writing address 0x0000000000000001

Registers:
RAX=0x0000000000000001, RBX=0x0000000058c1c5b0, RCX=0x0000000058c1c5b0, RDX=0x00000000028b9260
RSP=0x0000000058c1c530, RBP=0x0000000058c1c750, RSI=0x0000000000000095, RDI=0x00000000028b9260
R8 =0x0000000058c1c600, R9 =0x0000000058c1f550, R10=0x0000000000000000, R11=0x0000000058c1c588
R12=0x0000000058c1eca0, R13=0x0000000000000000, R14=0x0000000058c1eca0, R15=0x0000000058c1f4a8
RIP=0x000000007049fca6, EFLAGS=0x0000000000010206

Top of Stack: (sp=0x0000000058c1c530)
0x0000000058c1c530:   000000005a0cf060 0000000058c1eca0
0x0000000058c1c540:   00000000707e8c78 0000000000000000
0x0000000058c1c550:   0000000000000026 000000005a0cf060
0x0000000058c1c560:   0000c8bdb5947164 0000000058c1f400
0x0000000058c1c570:   00000000028b9260 000000005a0cf238
0x0000000058c1c580:   0000000000000120 00000000707581ae
0x0000000058c1c590:   0000000000000000 0000000000000095
0x0000000058c1c5a0:   0000000000000120 0000000059ee70c0
0x0000000058c1c5b0:   00000000707eca38 0000000058c1f550
0x0000000058c1c5c0:   00000000575875d0 00000000707e8c78
0x0000000058c1c5d0:   0000000000000000 0000000000000026
0x0000000058c1c5e0:   000000005a0cf060 0000c8bdb5947164
0x0000000058c1c5f0:   0000000058c1f400 00000000028b9260
0x0000000058c1c600:   00000000707e8c78 0000000000000000
0x0000000058c1c610:   0000000000000026 000000005a0cf060
0x0000000058c1c620:   0000c8bdb5947164 0000000058c1f400 

Instructions: (pc=0x000000007049fca6)
0x000000007049fc86:   08 57 48 83 ec 50 4c 8b 49 08 48 8b fa 48 8b d9
0x000000007049fc96:   49 8b 41 10 49 89 41 08 4c 8b 49 08 49 8b 41 10
0x000000007049fca6:   c6 00 e9 49 ff 41 10 48 8b 41 08 48 2b 78 10 49
0x000000007049fcb6:   8b 40 08 49 8b 10 49 89 43 d0 49 8b 40 10 49 8d 


Register to memory mapping:

RAX=0x0000000000000001 is an unknown value
RBX=0x0000000058c1c5b0 is pointing into the stack for thread: 0x0000000057587000
RCX=0x0000000058c1c5b0 is pointing into the stack for thread: 0x0000000057587000
RDX=0x00000000028b9260 is at code_begin+0 in 
[CodeBlob (0x00000000028b9210)]
Framesize: 6
ExceptionBlob
RSP=0x0000000058c1c530 is pointing into the stack for thread: 0x0000000057587000
RBP=0x0000000058c1c750 is pointing into the stack for thread: 0x0000000057587000
RSI=0x0000000000000095 is an unknown value
RDI=0x00000000028b9260 is at code_begin+0 in 
[CodeBlob (0x00000000028b9210)]
Framesize: 6
ExceptionBlob
R8 =0x0000000058c1c600 is pointing into the stack for thread: 0x0000000057587000
R9 =0x0000000058c1f550 is pointing into the stack for thread: 0x0000000057587000
R10=0x0000000000000000 is an unknown value
R11=0x0000000058c1c588 is pointing into the stack for thread: 0x0000000057587000
R12=0x0000000058c1eca0 is pointing into the stack for thread: 0x0000000057587000
R13=0x0000000000000000 is an unknown value
R14=0x0000000058c1eca0 is pointing into the stack for thread: 0x0000000057587000
R15=0x0000000058c1f4a8 is pointing into the stack for thread: 0x0000000057587000


Stack: [0x0000000058b20000,0x0000000058c20000],  sp=0x0000000058c1c530,  free space=1009k
Native frames: (J=compiled Java code, j=interpreted, Vv=VM code, C=native code)
V  [jvm.dll+0x29fca6]
V  [jvm.dll+0x5581ae]
V  [jvm.dll+0x4f4227]
V  [jvm.dll+0x4f4faa]
V  [jvm.dll+0x46dcf2]
V  [jvm.dll+0x4701d2]
V  [jvm.dll+0x453492]
V  [jvm.dll+0xa4932]
V  [jvm.dll+0xa526f]
V  [jvm.dll+0x243234]
V  [jvm.dll+0x29a10a]
C  [msvcr100.dll+0x21d9f]
C  [msvcr100.dll+0x21e3b]
C  [kernel32.dll+0x1f56d]
C  [ntdll.dll+0x33021]


Current CompileTask:
C2:   2452  792       4       java.lang.CharacterDataLatin1::toLowerCase (39 bytes)


---------------  P R O C E S S  ---------------

Java Threads: ( => current thread )
  0x0000000058ef5800 JavaThread "Service Thread" daemon [_thread_blocked, id=4900, stack(0x0000000059340000,0x0000000059440000)]
  0x0000000058e70800 JavaThread "C1 CompilerThread2" daemon [_thread_blocked, id=5620, stack(0x0000000058c50000,0x0000000058d50000)]
  0x000000005758e000 JavaThread "C2 CompilerThread1" daemon [_thread_in_native, id=4800, stack(0x0000000058d70000,0x0000000058e70000)]
=>0x0000000057587000 JavaThread "C2 CompilerThread0" daemon [_thread_in_native, id=3220, stack(0x0000000058b20000,0x0000000058c20000)]
  0x0000000057582000 JavaThread "Attach Listener" daemon [_thread_blocked, id=5460, stack(0x00000000589a0000,0x0000000058aa0000)]
  0x0000000057581000 JavaThread "Signal Dispatcher" daemon [_thread_blocked, id=5224, stack(0x0000000058730000,0x0000000058830000)]
  0x0000000057521000 JavaThread "Finalizer" daemon [_thread_blocked, id=2408, stack(0x0000000058840000,0x0000000058940000)]
  0x0000000057520000 JavaThread "Reference Handler" daemon [_thread_blocked, id=5492, stack(0x00000000585c0000,0x00000000586c0000)]

Other Threads:
  0x000000005751a800 VMThread [stack: 0x0000000058450000,0x0000000058550000] [id=3916]

VM state:at safepoint (normal execution)

VM Mutex/Monitor currently owned by a thread:  ([mutex/lock_event])
[0x000000000203c3d0] Threads_lock - owner thread: 0x000000005751a800
[0x000000000203c8d0] Heap_lock - owner thread: 0x000000000203e000

Heap:
 PSYoungGen      total 18432K, used 14071K [0x00000000d5580000, 0x00000000d6a00000, 0x0000000100000000)
  eden space 15872K, 88% used [0x00000000d5580000,0x00000000d633dd98,0x00000000d6500000)
  from space 2560K, 0% used [0x00000000d6780000,0x00000000d6780000,0x00000000d6a00000)
  to   space 2560K, 0% used [0x00000000d6500000,0x00000000d6500000,0x00000000d6780000)
 ParOldGen       total 42496K, used 0K [0x0000000080000000, 0x0000000082980000, 0x00000000d5580000)
  object space 42496K, 0% used [0x0000000080000000,0x0000000080000000,0x0000000082980000)
 Metaspace       used 5949K, capacity 6872K, committed 7168K, reserved 1056768K
  class space    used 627K, capacity 656K, committed 768K, reserved 1048576K

Card table byte_map: [0x0000000011b80000,0x0000000011f90000] byte_map_base: 0x0000000011780000

Marking Bits: (ParMarkBitMap*) 0x0000000070a0f600
 Begin Bits: [0x0000000012790000, 0x0000000014790000)
 End Bits:   [0x0000000014790000, 0x0000000016790000)

Polling page: 0x00000000001d0000

CodeCache: size=245760Kb used=3137Kb max_used=3137Kb free=242622Kb
 bounds [0x00000000027c0000, 0x0000000002ae0000, 0x00000000117c0000]
 total_blobs=1065 nmethods=792 adapters=183
 compilation: enabled

Compilation events (10 events):
Event: 1.885 Thread 0x0000000058e70800 nmethod 789 0x0000000002ac97d0 code [0x0000000002ac9920, 0x0000000002ac9a30]
Event: 1.885 Thread 0x0000000057587000  790       4       java.util.Arrays::copyOfRange (63 bytes)
Event: 1.887 Thread 0x0000000058e70800  794       3       java.lang.Integer::reverseBytes (26 bytes)
Event: 1.888 Thread 0x0000000058e70800 nmethod 794 0x0000000002ac9e50 code [0x0000000002ac9fa0, 0x0000000002aca0f0]
Event: 1.888 Thread 0x0000000057587000 nmethod 790 0x0000000002accf50 code [0x0000000002acd0a0, 0x0000000002acd2b8]
Event: 1.888 Thread 0x0000000057587000  791       4       java.util.HashMap::getNode (148 bytes)
Event: 1.890 Thread 0x0000000058e70800  796       3       sun.security.provider.SHA::implCompress (491 bytes)
Event: 1.891 Thread 0x0000000058e70800 nmethod 796 0x0000000002acbc10 code [0x0000000002acbe00, 0x0000000002acc6e8]
Event: 1.892 Thread 0x0000000057587000 nmethod 791 0x0000000002aced90 code [0x0000000002aceee0, 0x0000000002acf118]
Event: 1.892 Thread 0x0000000057587000  792       4       java.lang.CharacterDataLatin1::toLowerCase (39 bytes)

GC Heap History (0 events):
No events

Deoptimization events (4 events):
Event: 1.882 Thread 0x0000000058fed000 Uncommon trap: reason=bimorphic action=maybe_recompile pc=0x000000000299291c method=java.util.HashMap.getNode(ILjava/lang/Object;)Ljava/util/HashMap$Node; @ 126
Event: 1.882 Thread 0x0000000058fed000 Uncommon trap: reason=bimorphic action=maybe_recompile pc=0x000000000299291c method=java.util.HashMap.getNode(ILjava/lang/Object;)Ljava/util/HashMap$Node; @ 126
Event: 1.883 Thread 0x0000000058fed000 Uncommon trap: reason=bimorphic action=maybe_recompile pc=0x000000000299291c method=java.util.HashMap.getNode(ILjava/lang/Object;)Ljava/util/HashMap$Node; @ 126
Event: 1.883 Thread 0x0000000058fed000 Uncommon trap: reason=bimorphic action=maybe_recompile pc=0x000000000299291c method=java.util.HashMap.getNode(ILjava/lang/Object;)Ljava/util/HashMap$Node; @ 126

Internal exceptions (2 events):
Event: 0.063 Thread 0x000000000203e000 Exception <a 'java/lang/NoSuchMethodError': Method sun.misc.Unsafe.defineClass(Ljava/lang/String;[BII)Ljava/lang/Class; name or signature does not match> (0x00000000d558d380) thrown at [C:\re\workspace\8-2-build-windows-amd64-cygwin\jdk8u71\5731\hotspot\srq…y4°?
Event: 0.063 Thread 0x000000000203e000 Exception <a 'java/lang/NoSuchMethodError': Method sun.misc.Unsafe.prefetchRead(Ljava/lang/Object;J)V name or signature does not match> (0x00000000d558d668) thrown at [C:\re\workspace\8-2-build-windows-amd64-cygwin\jdk8u71\5731\hotspot\src\share\vm\prims\j

Events (10 events):
Event: 1.891 loading class java/util/zip/Checksum done
Event: 1.891 loading class java/util/zip/Adler32 done
Event: 1.892 Thread 0x0000000058fed000 Thread exited: 0x0000000058fed000
Event: 1.892 Thread 0x000000000203e000 Thread exited: 0x000000000203e000
Event: 1.893 Thread 0x000000000203e000 Thread added: 0x000000000203e000
Event: 1.893 loading class java/lang/Shutdown
Event: 1.893 loading class java/lang/Shutdown done
Event: 1.893 loading class java/lang/Shutdown$Lock
Event: 1.893 loading class java/lang/Shutdown$Lock done
Event: 1.907 Thread 0x000000000203e000 Thread exited: 0x000000000203e000


Dynamic libraries:
0x000000013f9c0000 - 0x000000013f9f7000 	C:\Program Files\Java\jdk1.8.0_71\bin\java.exe
0x0000000077bc0000 - 0x0000000077d6b000 	C:\Windows\SYSTEM32\ntdll.dll
0x00000000779a0000 - 0x0000000077abf000 	C:\Windows\system32\kernel32.dll
0x000007fefdbd0000 - 0x000007fefdc3b000 	C:\Windows\system32\KERNELBASE.dll
0x000007fefe0a0000 - 0x000007fefe17b000 	C:\Windows\system32\ADVAPI32.dll
0x000007fefdf90000 - 0x000007fefe02f000 	C:\Windows\system32\msvcrt.dll
0x000007fefe3e0000 - 0x000007fefe3ff000 	C:\Windows\SYSTEM32\sechost.dll
0x000007feff920000 - 0x000007feffa4e000 	C:\Windows\system32\RPCRT4.dll
0x0000000077ac0000 - 0x0000000077bba000 	C:\Windows\system32\USER32.dll
0x000007feffa50000 - 0x000007feffab7000 	C:\Windows\system32\GDI32.dll
0x000007fefe090000 - 0x000007fefe09e000 	C:\Windows\system32\LPK.dll
0x000007feffac0000 - 0x000007feffb8a000 	C:\Windows\system32\USP10.dll
0x000007fefc5d0000 - 0x000007fefc7c4000 	C:\Windows\WinSxS\amd64_microsoft.windows.common-controls_6595b64144ccf1df_6.0.7600.16661_none_fa62ad231704eab7\COMCTL32.dll
0x000007feff850000 - 0x000007feff8c1000 	C:\Windows\system32\SHLWAPI.dll
0x000007fefe060000 - 0x000007fefe08e000 	C:\Windows\system32\IMM32.DLL
0x000007feff610000 - 0x000007feff719000 	C:\Windows\system32\MSCTF.dll
0x000000006fb60000 - 0x000000006fc32000 	C:\Program Files\Java\jdk1.8.0_71\jre\bin\msvcr100.dll
0x0000000070200000 - 0x0000000070a8f000 	C:\Program Files\Java\jdk1.8.0_71\jre\bin\server\jvm.dll
0x000007fef9740000 - 0x000007fef9749000 	C:\Windows\system32\WSOCK32.dll
0x000007feffe80000 - 0x000007feffecd000 	C:\Windows\system32\WS2_32.dll
0x000007fefe030000 - 0x000007fefe038000 	C:\Windows\system32\NSI.dll
0x000007fefb930000 - 0x000007fefb96b000 	C:\Windows\system32\WINMM.dll
0x000007fefcc90000 - 0x000007fefcc9c000 	C:\Windows\system32\VERSION.dll
0x0000000077d90000 - 0x0000000077d97000 	C:\Windows\system32\PSAPI.DLL
0x00000000755f0000 - 0x00000000755ff000 	C:\Program Files\Java\jdk1.8.0_71\jre\bin\verify.dll
0x00000000744b0000 - 0x00000000744d9000 	C:\Program Files\Java\jdk1.8.0_71\jre\bin\java.dll
0x0000000074770000 - 0x0000000074786000 	C:\Program Files\Java\jdk1.8.0_71\jre\bin\zip.dll
0x000007fefe620000 - 0x000007feff3a6000 	C:\Windows\system32\SHELL32.dll
0x000007feffc70000 - 0x000007feffe72000 	C:\Windows\system32\ole32.dll
0x000007fefdb20000 - 0x000007fefdb2f000 	C:\Windows\system32\profapi.dll
0x000007fef28e0000 - 0x000007fef2a05000 	C:\Windows\system32\dbghelp.dll

VM Arguments:
jvm_args: -Djava.awt.headless=true -Xmx2g -Dfile.encoding=windows-1252 -Duser.country=US -Duser.language=en -Duser.variant 
java_command: com.android.dx.command.Main --dex --force-jumbo --num-threads=4 --multi-dex --output D:\android_udacity\workspace\PopularMovies\app\build\intermediates\transforms\dex\debug\folders\1000\5\slice_7 D:\android_udacity\workspace\PopularMovies\app\build\intermediates\transforms\instantRunSlicer\debug\folders\1\5\slice_7
java_class_path (initial): C:\Users\geniushkg\AppData\Local\Android\Sdk\build-tools\23.0.2\lib\dx.jar
Launcher Type: SUN_STANDARD

Environment Variables:
PATH=C:\ProgramData\Oracle\Java\javapath;C:\Windows\system32;C:\Windows;C:\Windows\System32\Wbem;C:\Windows\System32\WindowsPowerShell\v1.0\;C:\Program Files\Intel\WiFi\bin\;C:\Program Files\Common Files\Intel\WirelessCommon\;C:\Program Files\Git\cmd;C:\Program Files (x86)\Skype\Phone\;C:\Program Files\jEdit;C:\Users\geniushkg\AppData\Local\Android\Sdk\tools\lib;C:\Program Files\Intel\WiFi\bin\;C:\Program Files\Common Files\Intel\WirelessCommon\;C:\Users\geniushkg\AppData\Local\Android\Sdk\platform-tools;C:\Users\geniushkg\AppData\Local\Android\Sdk\tools\lib
USERNAME=geniushkg
OS=Windows_NT
PROCESSOR_IDENTIFIER=Intel64 Family 6 Model 37 Stepping 5, GenuineIntel



---------------  S Y S T E M  ---------------

OS: Windows 7 , 64 bit Build 7600 (6.1.7600.16385)

CPU:total 4 (2 cores per cpu, 2 threads per core) family 6 model 37 stepping 5, cmov, cx8, fxsr, mmx, sse, sse2, sse3, ssse3, sse4.1, sse4.2, popcnt, ht, tsc, tscinvbit

Memory: 4k page, physical 3988328k(321724k free), swap 7974756k(2887816k free)

vm_info: Java HotSpot(TM) 64-Bit Server VM (25.71-b15) for windows-amd64 JRE (1.8.0_71-b15), built on Dec 22 2015 18:15:55 by "java_re" with MS VC++ 10.0 (VS2010)

time: Fri Jun 17 22:39:40 2016
elapsed time: 2 seconds (0d 0h 0m 2s)

